<?xml version="1.0" encoding="UTF-8"?>
<testng-results skipped="0" failed="0" ignored="0" total="1" passed="1">
  <reporter-output>
  </reporter-output>
  <suite name="Suite" duration-ms="94" started-at="2018-04-01T03:25:50Z" finished-at="2018-04-01T03:25:50Z">
    <groups>
    </groups>
    <test name="Test" duration-ms="94" started-at="2018-04-01T03:25:50Z" finished-at="2018-04-01T03:25:50Z">
      <class name="com.yunsixue.MavenTestNGDemo.AppTest">
        <test-method status="PASS" signature="mavenTest()[pri:0, instance:com.yunsixue.MavenTestNGDemo.AppTest@12cdcf4]" name="mavenTest" duration-ms="23" started-at="2018-04-01T03:25:50Z" finished-at="2018-04-01T03:25:50Z">
          <reporter-output>
          </reporter-output>
        </test-method> <!-- mavenTest -->
      </class> <!-- com.yunsixue.MavenTestNGDemo.AppTest -->
    </test> <!-- Test -->
  </suite> <!-- Suite -->
</testng-results>
